<?xml version="1.0" encoding="UTF-8"?>
<testsuites name="jest tests" tests="1" failures="0" errors="0" time="3.79">
  <testsuite name="jupyterlab-new-launcher" errors="0" failures="0" skipped="0" timestamp="2024-04-25T16:57:30" time="3.434" tests="1">
    <testcase classname="jupyterlab-new-launcher should be tested" name="jupyterlab-new-launcher should be tested" time="0.002">
    </testcase>
  </testsuite>
</testsuites>